TN:
SF:packages/Component.tsx
FNF:1
FNH:1
DA:2,39
DA:4,21
DA:42,3
DA:43,11
DA:44,8
DA:45,12
DA:46,20
DA:47,17
DA:48,17
DA:49,25
DA:50,50
DA:51,17
DA:52,22
DA:53,84
DA:54,7
DA:55,8
DA:57,85
DA:59,38
DA:60,45
DA:63,25
DA:64,20
DA:65,11
DA:66,33
DA:67,21
DA:68,31
DA:69,4
DA:71,191
DA:72,117
DA:73,194
DA:74,206
DA:75,34
DA:76,152
DA:77,20
DA:78,26
DA:79,26
DA:80,171
DA:81,106
LF:37
LH:37
end_of_record
TN:
SF:packages/index.ts
FNF:1
FNH:1
DA:1,36
DA:2,24
LF:2
LH:2
end_of_record
TN:
SF:setup.ts
FNF:1
FNH:1
DA:1,30
DA:3,67
DA:5,31
DA:6,42
DA:7,25
DA:8,21
DA:9,1
LF:7
LH:7
end_of_record
